<?xml version="1.0" encoding="UTF-8"?>
<!-- Generated by org.testng.reporters.JUnitXMLReporter -->
<testsuite ignored="0" hostname="lapcom" failures="0" tests="4" name="Default test" time="0.055" errors="0" timestamp="2021-09-07T00:44:51 GMT+02:00">
  <testcase classname="com.google.seleinum.test.TestCalac" name="test_add" time="0.009"/>
  <testcase classname="com.google.seleinum.test.TestCalac" name="test_div" time="0.001"/>
  <testcase classname="com.google.seleinum.test.TestCalac" name="test_mul" time="0.001"/>
  <testcase classname="com.google.seleinum.test.TestCalac" name="test_sub" time="0.001"/>
</testsuite> <!-- Default test -->
