<?xml version="1.0" encoding="UTF-8"?>
<testng-results ignored="0" total="4" passed="4" failed="0" skipped="0">
  <reporter-output>
  </reporter-output>
  <suite started-at="2021-09-07T01:06:48 GMT+02:00" name="Default suite" finished-at="2021-09-07T01:06:48 GMT+02:00" duration-ms="58">
    <groups>
    </groups>
    <test started-at="2021-09-07T01:06:48 GMT+02:00" name="Default test" finished-at="2021-09-07T01:06:48 GMT+02:00" duration-ms="58">
      <class name="com.calc.test.TestCalac">
        <test-method signature="test_add()[pri:0, instance:com.calc.test.TestCalac@159f197]" started-at="2021-09-07T01:06:48 GMT+02:00" name="test_add" finished-at="2021-09-07T01:06:48 GMT+02:00" duration-ms="9" status="PASS">
          <reporter-output>
          </reporter-output>
        </test-method> <!-- test_add -->
        <test-method signature="test_div()[pri:0, instance:com.calc.test.TestCalac@159f197]" started-at="2021-09-07T01:06:48 GMT+02:00" name="test_div" finished-at="2021-09-07T01:06:48 GMT+02:00" duration-ms="2" status="PASS">
          <exception class="java.lang.IllegalArgumentException">
            <message>
              <![CDATA[can't divid by zero]]>
            </message>
            <full-stacktrace>
              <![CDATA[java.lang.IllegalArgumentException: can't divid by zero
at com.calc.Calc.div(Calc.java:18)
at com.calc.test.TestCalac.test_div(TestCalac.java:44)
at java.base/jdk.internal.reflect.NativeMethodAccessorImpl.invoke0(Native Method)
at java.base/jdk.internal.reflect.NativeMethodAccessorImpl.invoke(NativeMethodAccessorImpl.java:62)
at java.base/jdk.internal.reflect.DelegatingMethodAccessorImpl.invoke(DelegatingMethodAccessorImpl.java:43)
at java.base/java.lang.reflect.Method.invoke(Method.java:567)
at org.testng.internal.MethodInvocationHelper.invokeMethod(MethodInvocationHelper.java:133)
at org.testng.internal.TestInvoker.invokeMethod(TestInvoker.java:598)
at org.testng.internal.TestInvoker.invokeTestMethod(TestInvoker.java:173)
at org.testng.internal.MethodRunner.runInSequence(MethodRunner.java:46)
at org.testng.internal.TestInvoker$MethodInvocationAgent.invoke(TestInvoker.java:824)
at org.testng.internal.TestInvoker.invokeTestMethods(TestInvoker.java:146)
at org.testng.internal.TestMethodWorker.invokeTestMethods(TestMethodWorker.java:146)
at org.testng.internal.TestMethodWorker.run(TestMethodWorker.java:128)
at java.base/java.util.ArrayList.forEach(ArrayList.java:1507)
at org.testng.TestRunner.privateRun(TestRunner.java:794)
at org.testng.TestRunner.run(TestRunner.java:596)
at org.testng.SuiteRunner.runTest(SuiteRunner.java:377)
at org.testng.SuiteRunner.runSequentially(SuiteRunner.java:371)
at org.testng.SuiteRunner.privateRun(SuiteRunner.java:332)
at org.testng.SuiteRunner.run(SuiteRunner.java:276)
at org.testng.SuiteRunnerWorker.runSuite(SuiteRunnerWorker.java:53)
at org.testng.SuiteRunnerWorker.run(SuiteRunnerWorker.java:96)
at org.testng.TestNG.runSuitesSequentially(TestNG.java:1212)
at org.testng.TestNG.runSuitesLocally(TestNG.java:1134)
at org.testng.TestNG.runSuites(TestNG.java:1063)
at org.testng.TestNG.run(TestNG.java:1031)
at org.testng.remote.AbstractRemoteTestNG.run(AbstractRemoteTestNG.java:115)
at org.testng.remote.RemoteTestNG.initAndRun(RemoteTestNG.java:251)
at org.testng.remote.RemoteTestNG.main(RemoteTestNG.java:77)
]]>
            </full-stacktrace>
          </exception> <!-- java.lang.IllegalArgumentException -->
          <reporter-output>
          </reporter-output>
        </test-method> <!-- test_div -->
        <test-method signature="test_mul()[pri:0, instance:com.calc.test.TestCalac@159f197]" started-at="2021-09-07T01:06:48 GMT+02:00" name="test_mul" finished-at="2021-09-07T01:06:48 GMT+02:00" duration-ms="1" status="PASS">
          <reporter-output>
          </reporter-output>
        </test-method> <!-- test_mul -->
        <test-method signature="test_sub()[pri:0, instance:com.calc.test.TestCalac@159f197]" started-at="2021-09-07T01:06:48 GMT+02:00" name="test_sub" finished-at="2021-09-07T01:06:48 GMT+02:00" duration-ms="1" status="PASS">
          <reporter-output>
          </reporter-output>
        </test-method> <!-- test_sub -->
      </class> <!-- com.calc.test.TestCalac -->
    </test> <!-- Default test -->
  </suite> <!-- Default suite -->
</testng-results>
